Started GET "/" for 172.22.0.1 at 2023-06-09 20:05:30 +0900
  
ActiveRecord::ConnectionNotEstablished (connection to server on socket "/run/postgresql/.s.PGSQL.5432" failed: No such file or directory
	Is the server running locally and accepting connections on that socket?
):
  
activerecord (7.0.5) lib/active_record/connection_adapters/postgresql_adapter.rb:87:in `rescue in new_client'
activerecord (7.0.5) lib/active_record/connection_adapters/postgresql_adapter.rb:77:in `new_client'
activerecord (7.0.5) lib/active_record/connection_adapters/postgresql_adapter.rb:37:in `postgresql_connection'
activerecord (7.0.5) lib/active_record/connection_adapters/abstract/connection_pool.rb:656:in `public_send'
activerecord (7.0.5) lib/active_record/connection_adapters/abstract/connection_pool.rb:656:in `new_connection'
activerecord (7.0.5) lib/active_record/connection_adapters/abstract/connection_pool.rb:700:in `checkout_new_connection'
activerecord (7.0.5) lib/active_record/connection_adapters/abstract/connection_pool.rb:679:in `try_to_checkout_new_connection'
activerecord (7.0.5) lib/active_record/connection_adapters/abstract/connection_pool.rb:640:in `acquire_connection'
activerecord (7.0.5) lib/active_record/connection_adapters/abstract/connection_pool.rb:341:in `checkout'
activerecord (7.0.5) lib/active_record/connection_adapters/abstract/connection_pool.rb:181:in `connection'
activerecord (7.0.5) lib/active_record/connection_adapters/abstract/connection_handler.rb:211:in `retrieve_connection'
activerecord (7.0.5) lib/active_record/connection_handling.rb:313:in `retrieve_connection'
activerecord (7.0.5) lib/active_record/connection_handling.rb:280:in `connection'
activerecord (7.0.5) lib/active_record/migration.rb:613:in `connection'
activerecord (7.0.5) lib/active_record/migration.rb:608:in `build_watcher'
activerecord (7.0.5) lib/active_record/migration.rb:590:in `block in call'
activerecord (7.0.5) lib/active_record/migration.rb:589:in `synchronize'
activerecord (7.0.5) lib/active_record/migration.rb:589:in `call'
actionpack (7.0.5) lib/action_dispatch/middleware/callbacks.rb:27:in `block in call'
activesupport (7.0.5) lib/active_support/callbacks.rb:99:in `run_callbacks'
actionpack (7.0.5) lib/action_dispatch/middleware/callbacks.rb:26:in `call'
actionpack (7.0.5) lib/action_dispatch/middleware/executor.rb:14:in `call'
actionpack (7.0.5) lib/action_dispatch/middleware/actionable_exceptions.rb:17:in `call'
actionpack (7.0.5) lib/action_dispatch/middleware/debug_exceptions.rb:28:in `call'
actionpack (7.0.5) lib/action_dispatch/middleware/show_exceptions.rb:26:in `call'
railties (7.0.5) lib/rails/rack/logger.rb:40:in `call_app'
railties (7.0.5) lib/rails/rack/logger.rb:25:in `block in call'
activesupport (7.0.5) lib/active_support/tagged_logging.rb:99:in `block in tagged'
activesupport (7.0.5) lib/active_support/tagged_logging.rb:37:in `tagged'
activesupport (7.0.5) lib/active_support/tagged_logging.rb:99:in `tagged'
railties (7.0.5) lib/rails/rack/logger.rb:25:in `call'
actionpack (7.0.5) lib/action_dispatch/middleware/remote_ip.rb:93:in `call'
actionpack (7.0.5) lib/action_dispatch/middleware/request_id.rb:26:in `call'
rack (2.2.7) lib/rack/runtime.rb:22:in `call'
activesupport (7.0.5) lib/active_support/cache/strategy/local_cache_middleware.rb:29:in `call'
actionpack (7.0.5) lib/action_dispatch/middleware/server_timing.rb:61:in `block in call'
actionpack (7.0.5) lib/action_dispatch/middleware/server_timing.rb:26:in `collect_events'
actionpack (7.0.5) lib/action_dispatch/middleware/server_timing.rb:60:in `call'
actionpack (7.0.5) lib/action_dispatch/middleware/executor.rb:14:in `call'
actionpack (7.0.5) lib/action_dispatch/middleware/static.rb:23:in `call'
rack (2.2.7) lib/rack/sendfile.rb:110:in `call'
actionpack (7.0.5) lib/action_dispatch/middleware/host_authorization.rb:137:in `call'
railties (7.0.5) lib/rails/engine.rb:530:in `call'
puma (5.6.5) lib/puma/configuration.rb:252:in `call'
puma (5.6.5) lib/puma/request.rb:77:in `block in handle_request'
puma (5.6.5) lib/puma/thread_pool.rb:340:in `with_force_shutdown'
puma (5.6.5) lib/puma/request.rb:76:in `handle_request'
puma (5.6.5) lib/puma/server.rb:443:in `process_client'
puma (5.6.5) lib/puma/thread_pool.rb:147:in `block in spawn_thread'
Started GET "/favicon.ico" for 172.22.0.1 at 2023-06-09 20:05:32 +0900
  
ActiveRecord::ConnectionNotEstablished (connection to server on socket "/run/postgresql/.s.PGSQL.5432" failed: No such file or directory
	Is the server running locally and accepting connections on that socket?
):
  
activerecord (7.0.5) lib/active_record/connection_adapters/postgresql_adapter.rb:87:in `rescue in new_client'
activerecord (7.0.5) lib/active_record/connection_adapters/postgresql_adapter.rb:77:in `new_client'
activerecord (7.0.5) lib/active_record/connection_adapters/postgresql_adapter.rb:37:in `postgresql_connection'
activerecord (7.0.5) lib/active_record/connection_adapters/abstract/connection_pool.rb:656:in `public_send'
activerecord (7.0.5) lib/active_record/connection_adapters/abstract/connection_pool.rb:656:in `new_connection'
activerecord (7.0.5) lib/active_record/connection_adapters/abstract/connection_pool.rb:700:in `checkout_new_connection'
activerecord (7.0.5) lib/active_record/connection_adapters/abstract/connection_pool.rb:679:in `try_to_checkout_new_connection'
activerecord (7.0.5) lib/active_record/connection_adapters/abstract/connection_pool.rb:640:in `acquire_connection'
activerecord (7.0.5) lib/active_record/connection_adapters/abstract/connection_pool.rb:341:in `checkout'
activerecord (7.0.5) lib/active_record/connection_adapters/abstract/connection_pool.rb:181:in `connection'
activerecord (7.0.5) lib/active_record/connection_adapters/abstract/connection_handler.rb:211:in `retrieve_connection'
activerecord (7.0.5) lib/active_record/connection_handling.rb:313:in `retrieve_connection'
activerecord (7.0.5) lib/active_record/connection_handling.rb:280:in `connection'
activerecord (7.0.5) lib/active_record/migration.rb:613:in `connection'
activerecord (7.0.5) lib/active_record/migration.rb:608:in `build_watcher'
activerecord (7.0.5) lib/active_record/migration.rb:590:in `block in call'
activerecord (7.0.5) lib/active_record/migration.rb:589:in `synchronize'
activerecord (7.0.5) lib/active_record/migration.rb:589:in `call'
actionpack (7.0.5) lib/action_dispatch/middleware/callbacks.rb:27:in `block in call'
activesupport (7.0.5) lib/active_support/callbacks.rb:99:in `run_callbacks'
actionpack (7.0.5) lib/action_dispatch/middleware/callbacks.rb:26:in `call'
actionpack (7.0.5) lib/action_dispatch/middleware/executor.rb:14:in `call'
actionpack (7.0.5) lib/action_dispatch/middleware/actionable_exceptions.rb:17:in `call'
actionpack (7.0.5) lib/action_dispatch/middleware/debug_exceptions.rb:28:in `call'
actionpack (7.0.5) lib/action_dispatch/middleware/show_exceptions.rb:26:in `call'
railties (7.0.5) lib/rails/rack/logger.rb:40:in `call_app'
railties (7.0.5) lib/rails/rack/logger.rb:25:in `block in call'
activesupport (7.0.5) lib/active_support/tagged_logging.rb:99:in `block in tagged'
activesupport (7.0.5) lib/active_support/tagged_logging.rb:37:in `tagged'
activesupport (7.0.5) lib/active_support/tagged_logging.rb:99:in `tagged'
railties (7.0.5) lib/rails/rack/logger.rb:25:in `call'
actionpack (7.0.5) lib/action_dispatch/middleware/remote_ip.rb:93:in `call'
actionpack (7.0.5) lib/action_dispatch/middleware/request_id.rb:26:in `call'
rack (2.2.7) lib/rack/runtime.rb:22:in `call'
activesupport (7.0.5) lib/active_support/cache/strategy/local_cache_middleware.rb:29:in `call'
actionpack (7.0.5) lib/action_dispatch/middleware/server_timing.rb:61:in `block in call'
actionpack (7.0.5) lib/action_dispatch/middleware/server_timing.rb:26:in `collect_events'
actionpack (7.0.5) lib/action_dispatch/middleware/server_timing.rb:60:in `call'
actionpack (7.0.5) lib/action_dispatch/middleware/executor.rb:14:in `call'
actionpack (7.0.5) lib/action_dispatch/middleware/static.rb:23:in `call'
rack (2.2.7) lib/rack/sendfile.rb:110:in `call'
actionpack (7.0.5) lib/action_dispatch/middleware/host_authorization.rb:137:in `call'
railties (7.0.5) lib/rails/engine.rb:530:in `call'
puma (5.6.5) lib/puma/configuration.rb:252:in `call'
puma (5.6.5) lib/puma/request.rb:77:in `block in handle_request'
puma (5.6.5) lib/puma/thread_pool.rb:340:in `with_force_shutdown'
puma (5.6.5) lib/puma/request.rb:76:in `handle_request'
puma (5.6.5) lib/puma/server.rb:443:in `process_client'
puma (5.6.5) lib/puma/thread_pool.rb:147:in `block in spawn_thread'
Started GET "/" for 172.22.0.1 at 2023-06-09 20:12:57 +0900
  
ActiveRecord::ConnectionNotEstablished (connection to server on socket "/run/postgresql/.s.PGSQL.5432" failed: No such file or directory
	Is the server running locally and accepting connections on that socket?
):
  
activerecord (7.0.5) lib/active_record/connection_adapters/postgresql_adapter.rb:87:in `rescue in new_client'
activerecord (7.0.5) lib/active_record/connection_adapters/postgresql_adapter.rb:77:in `new_client'
activerecord (7.0.5) lib/active_record/connection_adapters/postgresql_adapter.rb:37:in `postgresql_connection'
activerecord (7.0.5) lib/active_record/connection_adapters/abstract/connection_pool.rb:656:in `public_send'
activerecord (7.0.5) lib/active_record/connection_adapters/abstract/connection_pool.rb:656:in `new_connection'
activerecord (7.0.5) lib/active_record/connection_adapters/abstract/connection_pool.rb:700:in `checkout_new_connection'
activerecord (7.0.5) lib/active_record/connection_adapters/abstract/connection_pool.rb:679:in `try_to_checkout_new_connection'
activerecord (7.0.5) lib/active_record/connection_adapters/abstract/connection_pool.rb:640:in `acquire_connection'
activerecord (7.0.5) lib/active_record/connection_adapters/abstract/connection_pool.rb:341:in `checkout'
activerecord (7.0.5) lib/active_record/connection_adapters/abstract/connection_pool.rb:181:in `connection'
activerecord (7.0.5) lib/active_record/connection_adapters/abstract/connection_handler.rb:211:in `retrieve_connection'
activerecord (7.0.5) lib/active_record/connection_handling.rb:313:in `retrieve_connection'
activerecord (7.0.5) lib/active_record/connection_handling.rb:280:in `connection'
activerecord (7.0.5) lib/active_record/migration.rb:613:in `connection'
activerecord (7.0.5) lib/active_record/migration.rb:608:in `build_watcher'
activerecord (7.0.5) lib/active_record/migration.rb:590:in `block in call'
activerecord (7.0.5) lib/active_record/migration.rb:589:in `synchronize'
activerecord (7.0.5) lib/active_record/migration.rb:589:in `call'
actionpack (7.0.5) lib/action_dispatch/middleware/callbacks.rb:27:in `block in call'
activesupport (7.0.5) lib/active_support/callbacks.rb:99:in `run_callbacks'
actionpack (7.0.5) lib/action_dispatch/middleware/callbacks.rb:26:in `call'
actionpack (7.0.5) lib/action_dispatch/middleware/executor.rb:14:in `call'
actionpack (7.0.5) lib/action_dispatch/middleware/actionable_exceptions.rb:17:in `call'
actionpack (7.0.5) lib/action_dispatch/middleware/debug_exceptions.rb:28:in `call'
actionpack (7.0.5) lib/action_dispatch/middleware/show_exceptions.rb:26:in `call'
railties (7.0.5) lib/rails/rack/logger.rb:40:in `call_app'
railties (7.0.5) lib/rails/rack/logger.rb:25:in `block in call'
activesupport (7.0.5) lib/active_support/tagged_logging.rb:99:in `block in tagged'
activesupport (7.0.5) lib/active_support/tagged_logging.rb:37:in `tagged'
activesupport (7.0.5) lib/active_support/tagged_logging.rb:99:in `tagged'
railties (7.0.5) lib/rails/rack/logger.rb:25:in `call'
actionpack (7.0.5) lib/action_dispatch/middleware/remote_ip.rb:93:in `call'
actionpack (7.0.5) lib/action_dispatch/middleware/request_id.rb:26:in `call'
rack (2.2.7) lib/rack/runtime.rb:22:in `call'
activesupport (7.0.5) lib/active_support/cache/strategy/local_cache_middleware.rb:29:in `call'
actionpack (7.0.5) lib/action_dispatch/middleware/server_timing.rb:61:in `block in call'
actionpack (7.0.5) lib/action_dispatch/middleware/server_timing.rb:26:in `collect_events'
actionpack (7.0.5) lib/action_dispatch/middleware/server_timing.rb:60:in `call'
actionpack (7.0.5) lib/action_dispatch/middleware/executor.rb:14:in `call'
actionpack (7.0.5) lib/action_dispatch/middleware/static.rb:23:in `call'
rack (2.2.7) lib/rack/sendfile.rb:110:in `call'
actionpack (7.0.5) lib/action_dispatch/middleware/host_authorization.rb:137:in `call'
railties (7.0.5) lib/rails/engine.rb:530:in `call'
puma (5.6.5) lib/puma/configuration.rb:252:in `call'
puma (5.6.5) lib/puma/request.rb:77:in `block in handle_request'
puma (5.6.5) lib/puma/thread_pool.rb:340:in `with_force_shutdown'
puma (5.6.5) lib/puma/request.rb:76:in `handle_request'
puma (5.6.5) lib/puma/server.rb:443:in `process_client'
puma (5.6.5) lib/puma/thread_pool.rb:147:in `block in spawn_thread'
Started GET "/favicon.ico" for 172.22.0.1 at 2023-06-09 20:12:57 +0900
  
ActiveRecord::ConnectionNotEstablished (connection to server on socket "/run/postgresql/.s.PGSQL.5432" failed: No such file or directory
	Is the server running locally and accepting connections on that socket?
):
  
activerecord (7.0.5) lib/active_record/connection_adapters/postgresql_adapter.rb:87:in `rescue in new_client'
activerecord (7.0.5) lib/active_record/connection_adapters/postgresql_adapter.rb:77:in `new_client'
activerecord (7.0.5) lib/active_record/connection_adapters/postgresql_adapter.rb:37:in `postgresql_connection'
activerecord (7.0.5) lib/active_record/connection_adapters/abstract/connection_pool.rb:656:in `public_send'
activerecord (7.0.5) lib/active_record/connection_adapters/abstract/connection_pool.rb:656:in `new_connection'
activerecord (7.0.5) lib/active_record/connection_adapters/abstract/connection_pool.rb:700:in `checkout_new_connection'
activerecord (7.0.5) lib/active_record/connection_adapters/abstract/connection_pool.rb:679:in `try_to_checkout_new_connection'
activerecord (7.0.5) lib/active_record/connection_adapters/abstract/connection_pool.rb:640:in `acquire_connection'
activerecord (7.0.5) lib/active_record/connection_adapters/abstract/connection_pool.rb:341:in `checkout'
activerecord (7.0.5) lib/active_record/connection_adapters/abstract/connection_pool.rb:181:in `connection'
activerecord (7.0.5) lib/active_record/connection_adapters/abstract/connection_handler.rb:211:in `retrieve_connection'
activerecord (7.0.5) lib/active_record/connection_handling.rb:313:in `retrieve_connection'
activerecord (7.0.5) lib/active_record/connection_handling.rb:280:in `connection'
activerecord (7.0.5) lib/active_record/migration.rb:613:in `connection'
activerecord (7.0.5) lib/active_record/migration.rb:608:in `build_watcher'
activerecord (7.0.5) lib/active_record/migration.rb:590:in `block in call'
activerecord (7.0.5) lib/active_record/migration.rb:589:in `synchronize'
activerecord (7.0.5) lib/active_record/migration.rb:589:in `call'
actionpack (7.0.5) lib/action_dispatch/middleware/callbacks.rb:27:in `block in call'
activesupport (7.0.5) lib/active_support/callbacks.rb:99:in `run_callbacks'
actionpack (7.0.5) lib/action_dispatch/middleware/callbacks.rb:26:in `call'
actionpack (7.0.5) lib/action_dispatch/middleware/executor.rb:14:in `call'
actionpack (7.0.5) lib/action_dispatch/middleware/actionable_exceptions.rb:17:in `call'
actionpack (7.0.5) lib/action_dispatch/middleware/debug_exceptions.rb:28:in `call'
actionpack (7.0.5) lib/action_dispatch/middleware/show_exceptions.rb:26:in `call'
railties (7.0.5) lib/rails/rack/logger.rb:40:in `call_app'
railties (7.0.5) lib/rails/rack/logger.rb:25:in `block in call'
activesupport (7.0.5) lib/active_support/tagged_logging.rb:99:in `block in tagged'
activesupport (7.0.5) lib/active_support/tagged_logging.rb:37:in `tagged'
activesupport (7.0.5) lib/active_support/tagged_logging.rb:99:in `tagged'
railties (7.0.5) lib/rails/rack/logger.rb:25:in `call'
actionpack (7.0.5) lib/action_dispatch/middleware/remote_ip.rb:93:in `call'
actionpack (7.0.5) lib/action_dispatch/middleware/request_id.rb:26:in `call'
rack (2.2.7) lib/rack/runtime.rb:22:in `call'
activesupport (7.0.5) lib/active_support/cache/strategy/local_cache_middleware.rb:29:in `call'
actionpack (7.0.5) lib/action_dispatch/middleware/server_timing.rb:61:in `block in call'
actionpack (7.0.5) lib/action_dispatch/middleware/server_timing.rb:26:in `collect_events'
actionpack (7.0.5) lib/action_dispatch/middleware/server_timing.rb:60:in `call'
actionpack (7.0.5) lib/action_dispatch/middleware/executor.rb:14:in `call'
actionpack (7.0.5) lib/action_dispatch/middleware/static.rb:23:in `call'
rack (2.2.7) lib/rack/sendfile.rb:110:in `call'
actionpack (7.0.5) lib/action_dispatch/middleware/host_authorization.rb:137:in `call'
railties (7.0.5) lib/rails/engine.rb:530:in `call'
puma (5.6.5) lib/puma/configuration.rb:252:in `call'
puma (5.6.5) lib/puma/request.rb:77:in `block in handle_request'
puma (5.6.5) lib/puma/thread_pool.rb:340:in `with_force_shutdown'
puma (5.6.5) lib/puma/request.rb:76:in `handle_request'
puma (5.6.5) lib/puma/server.rb:443:in `process_client'
puma (5.6.5) lib/puma/thread_pool.rb:147:in `block in spawn_thread'
Started GET "/" for 172.22.0.1 at 2023-06-09 20:15:29 +0900
  
ActiveRecord::NoDatabaseError (We could not find your database: app_development. Which can be found in the database configuration file located at config/database.yml.

To resolve this issue:

- Did you create the database for this app, or delete it? You may need to create your database.
- Has the database name changed? Check your database.yml config has the correct database name.

To create your database, run:

        bin/rails db:create
):
  
activerecord (7.0.5) lib/active_record/connection_adapters/postgresql_adapter.rb:81:in `rescue in new_client'
activerecord (7.0.5) lib/active_record/connection_adapters/postgresql_adapter.rb:77:in `new_client'
activerecord (7.0.5) lib/active_record/connection_adapters/postgresql_adapter.rb:37:in `postgresql_connection'
activerecord (7.0.5) lib/active_record/connection_adapters/abstract/connection_pool.rb:656:in `public_send'
activerecord (7.0.5) lib/active_record/connection_adapters/abstract/connection_pool.rb:656:in `new_connection'
activerecord (7.0.5) lib/active_record/connection_adapters/abstract/connection_pool.rb:700:in `checkout_new_connection'
activerecord (7.0.5) lib/active_record/connection_adapters/abstract/connection_pool.rb:679:in `try_to_checkout_new_connection'
activerecord (7.0.5) lib/active_record/connection_adapters/abstract/connection_pool.rb:640:in `acquire_connection'
activerecord (7.0.5) lib/active_record/connection_adapters/abstract/connection_pool.rb:341:in `checkout'
activerecord (7.0.5) lib/active_record/connection_adapters/abstract/connection_pool.rb:181:in `connection'
activerecord (7.0.5) lib/active_record/connection_adapters/abstract/connection_handler.rb:211:in `retrieve_connection'
activerecord (7.0.5) lib/active_record/connection_handling.rb:313:in `retrieve_connection'
activerecord (7.0.5) lib/active_record/connection_handling.rb:280:in `connection'
activerecord (7.0.5) lib/active_record/migration.rb:613:in `connection'
activerecord (7.0.5) lib/active_record/migration.rb:608:in `build_watcher'
activerecord (7.0.5) lib/active_record/migration.rb:590:in `block in call'
activerecord (7.0.5) lib/active_record/migration.rb:589:in `synchronize'
activerecord (7.0.5) lib/active_record/migration.rb:589:in `call'
actionpack (7.0.5) lib/action_dispatch/middleware/callbacks.rb:27:in `block in call'
activesupport (7.0.5) lib/active_support/callbacks.rb:99:in `run_callbacks'
actionpack (7.0.5) lib/action_dispatch/middleware/callbacks.rb:26:in `call'
actionpack (7.0.5) lib/action_dispatch/middleware/executor.rb:14:in `call'
actionpack (7.0.5) lib/action_dispatch/middleware/actionable_exceptions.rb:17:in `call'
actionpack (7.0.5) lib/action_dispatch/middleware/debug_exceptions.rb:28:in `call'
actionpack (7.0.5) lib/action_dispatch/middleware/show_exceptions.rb:26:in `call'
railties (7.0.5) lib/rails/rack/logger.rb:40:in `call_app'
railties (7.0.5) lib/rails/rack/logger.rb:25:in `block in call'
activesupport (7.0.5) lib/active_support/tagged_logging.rb:99:in `block in tagged'
activesupport (7.0.5) lib/active_support/tagged_logging.rb:37:in `tagged'
activesupport (7.0.5) lib/active_support/tagged_logging.rb:99:in `tagged'
railties (7.0.5) lib/rails/rack/logger.rb:25:in `call'
actionpack (7.0.5) lib/action_dispatch/middleware/remote_ip.rb:93:in `call'
actionpack (7.0.5) lib/action_dispatch/middleware/request_id.rb:26:in `call'
rack (2.2.7) lib/rack/runtime.rb:22:in `call'
activesupport (7.0.5) lib/active_support/cache/strategy/local_cache_middleware.rb:29:in `call'
actionpack (7.0.5) lib/action_dispatch/middleware/server_timing.rb:61:in `block in call'
actionpack (7.0.5) lib/action_dispatch/middleware/server_timing.rb:26:in `collect_events'
actionpack (7.0.5) lib/action_dispatch/middleware/server_timing.rb:60:in `call'
actionpack (7.0.5) lib/action_dispatch/middleware/executor.rb:14:in `call'
actionpack (7.0.5) lib/action_dispatch/middleware/static.rb:23:in `call'
rack (2.2.7) lib/rack/sendfile.rb:110:in `call'
actionpack (7.0.5) lib/action_dispatch/middleware/host_authorization.rb:137:in `call'
railties (7.0.5) lib/rails/engine.rb:530:in `call'
puma (5.6.5) lib/puma/configuration.rb:252:in `call'
puma (5.6.5) lib/puma/request.rb:77:in `block in handle_request'
puma (5.6.5) lib/puma/thread_pool.rb:340:in `with_force_shutdown'
puma (5.6.5) lib/puma/request.rb:76:in `handle_request'
puma (5.6.5) lib/puma/server.rb:443:in `process_client'
puma (5.6.5) lib/puma/thread_pool.rb:147:in `block in spawn_thread'
Started GET "/favicon.ico" for 172.22.0.1 at 2023-06-09 20:15:30 +0900
  
ActiveRecord::NoDatabaseError (We could not find your database: app_development. Which can be found in the database configuration file located at config/database.yml.

To resolve this issue:

- Did you create the database for this app, or delete it? You may need to create your database.
- Has the database name changed? Check your database.yml config has the correct database name.

To create your database, run:

        bin/rails db:create
):
  
activerecord (7.0.5) lib/active_record/connection_adapters/postgresql_adapter.rb:81:in `rescue in new_client'
activerecord (7.0.5) lib/active_record/connection_adapters/postgresql_adapter.rb:77:in `new_client'
activerecord (7.0.5) lib/active_record/connection_adapters/postgresql_adapter.rb:37:in `postgresql_connection'
activerecord (7.0.5) lib/active_record/connection_adapters/abstract/connection_pool.rb:656:in `public_send'
activerecord (7.0.5) lib/active_record/connection_adapters/abstract/connection_pool.rb:656:in `new_connection'
activerecord (7.0.5) lib/active_record/connection_adapters/abstract/connection_pool.rb:700:in `checkout_new_connection'
activerecord (7.0.5) lib/active_record/connection_adapters/abstract/connection_pool.rb:679:in `try_to_checkout_new_connection'
activerecord (7.0.5) lib/active_record/connection_adapters/abstract/connection_pool.rb:640:in `acquire_connection'
activerecord (7.0.5) lib/active_record/connection_adapters/abstract/connection_pool.rb:341:in `checkout'
activerecord (7.0.5) lib/active_record/connection_adapters/abstract/connection_pool.rb:181:in `connection'
activerecord (7.0.5) lib/active_record/connection_adapters/abstract/connection_handler.rb:211:in `retrieve_connection'
activerecord (7.0.5) lib/active_record/connection_handling.rb:313:in `retrieve_connection'
activerecord (7.0.5) lib/active_record/connection_handling.rb:280:in `connection'
activerecord (7.0.5) lib/active_record/migration.rb:613:in `connection'
activerecord (7.0.5) lib/active_record/migration.rb:608:in `build_watcher'
activerecord (7.0.5) lib/active_record/migration.rb:590:in `block in call'
activerecord (7.0.5) lib/active_record/migration.rb:589:in `synchronize'
activerecord (7.0.5) lib/active_record/migration.rb:589:in `call'
actionpack (7.0.5) lib/action_dispatch/middleware/callbacks.rb:27:in `block in call'
activesupport (7.0.5) lib/active_support/callbacks.rb:99:in `run_callbacks'
actionpack (7.0.5) lib/action_dispatch/middleware/callbacks.rb:26:in `call'
actionpack (7.0.5) lib/action_dispatch/middleware/executor.rb:14:in `call'
actionpack (7.0.5) lib/action_dispatch/middleware/actionable_exceptions.rb:17:in `call'
actionpack (7.0.5) lib/action_dispatch/middleware/debug_exceptions.rb:28:in `call'
actionpack (7.0.5) lib/action_dispatch/middleware/show_exceptions.rb:26:in `call'
railties (7.0.5) lib/rails/rack/logger.rb:40:in `call_app'
railties (7.0.5) lib/rails/rack/logger.rb:25:in `block in call'
activesupport (7.0.5) lib/active_support/tagged_logging.rb:99:in `block in tagged'
activesupport (7.0.5) lib/active_support/tagged_logging.rb:37:in `tagged'
activesupport (7.0.5) lib/active_support/tagged_logging.rb:99:in `tagged'
railties (7.0.5) lib/rails/rack/logger.rb:25:in `call'
actionpack (7.0.5) lib/action_dispatch/middleware/remote_ip.rb:93:in `call'
actionpack (7.0.5) lib/action_dispatch/middleware/request_id.rb:26:in `call'
rack (2.2.7) lib/rack/runtime.rb:22:in `call'
activesupport (7.0.5) lib/active_support/cache/strategy/local_cache_middleware.rb:29:in `call'
actionpack (7.0.5) lib/action_dispatch/middleware/server_timing.rb:61:in `block in call'
actionpack (7.0.5) lib/action_dispatch/middleware/server_timing.rb:26:in `collect_events'
actionpack (7.0.5) lib/action_dispatch/middleware/server_timing.rb:60:in `call'
actionpack (7.0.5) lib/action_dispatch/middleware/executor.rb:14:in `call'
actionpack (7.0.5) lib/action_dispatch/middleware/static.rb:23:in `call'
rack (2.2.7) lib/rack/sendfile.rb:110:in `call'
actionpack (7.0.5) lib/action_dispatch/middleware/host_authorization.rb:137:in `call'
railties (7.0.5) lib/rails/engine.rb:530:in `call'
puma (5.6.5) lib/puma/configuration.rb:252:in `call'
puma (5.6.5) lib/puma/request.rb:77:in `block in handle_request'
puma (5.6.5) lib/puma/thread_pool.rb:340:in `with_force_shutdown'
puma (5.6.5) lib/puma/request.rb:76:in `handle_request'
puma (5.6.5) lib/puma/server.rb:443:in `process_client'
puma (5.6.5) lib/puma/thread_pool.rb:147:in `block in spawn_thread'
  [1m[35m (142.4ms)[0m  [1m[35mCREATE DATABASE "app_development" ENCODING = 'unicode'[0m
  [1m[35m (133.7ms)[0m  [1m[35mCREATE DATABASE "app_test" ENCODING = 'unicode'[0m
Started GET "/" for 172.22.0.1 at 2023-06-09 20:16:26 +0900
Processing by Rails::WelcomeController#index as HTML
  Rendering /usr/local/bundle/gems/railties-7.0.5/lib/rails/templates/rails/welcome/index.html.erb
  Rendered /usr/local/bundle/gems/railties-7.0.5/lib/rails/templates/rails/welcome/index.html.erb (Duration: 1.8ms | Allocations: 528)
Completed 200 OK in 18ms (Views: 4.5ms | ActiveRecord: 0.0ms | Allocations: 4721)


  [1m[35m (45.9ms)[0m  [1m[35mCREATE TABLE "schema_migrations" ("version" character varying NOT NULL PRIMARY KEY)[0m
  [1m[35m (13.0ms)[0m  [1m[35mCREATE TABLE "ar_internal_metadata" ("key" character varying NOT NULL PRIMARY KEY, "value" character varying, "created_at" timestamp(6) NOT NULL, "updated_at" timestamp(6) NOT NULL)[0m
  [1m[36mActiveRecord::SchemaMigration Pluck (2.0ms)[0m  [1m[34mSELECT "schema_migrations"."version" FROM "schema_migrations" ORDER BY "schema_migrations"."version" ASC[0m
  [1m[36mActiveRecord::SchemaMigration Pluck (1.2ms)[0m  [1m[34mSELECT "schema_migrations"."version" FROM "schema_migrations" ORDER BY "schema_migrations"."version" ASC[0m
  [1m[36mActiveRecord::SchemaMigration Pluck (1.1ms)[0m  [1m[34mSELECT "schema_migrations"."version" FROM "schema_migrations" ORDER BY "schema_migrations"."version" ASC[0m
  [1m[36mActiveRecord::SchemaMigration Pluck (1.1ms)[0m  [1m[34mSELECT "schema_migrations"."version" FROM "schema_migrations" ORDER BY "schema_migrations"."version" ASC[0m
  [1m[36mActiveRecord::SchemaMigration Pluck (1.2ms)[0m  [1m[34mSELECT "schema_migrations"."version" FROM "schema_migrations" ORDER BY "schema_migrations"."version" ASC[0m
  [1m[35m (2.1ms)[0m  [1m[34mSELECT pg_try_advisory_lock(5277929974492897470)[0m
  [1m[36mActiveRecord::SchemaMigration Pluck (1.3ms)[0m  [1m[34mSELECT "schema_migrations"."version" FROM "schema_migrations" ORDER BY "schema_migrations"."version" ASC[0m
Migrating to CreatePosts (20230609125410)
  [1m[36mTRANSACTION (27.5ms)[0m  [1m[35mBEGIN[0m
  [1m[35m (397.2ms)[0m  [1m[35mCREATE TABLE "posts" ("id" bigserial primary key, "title" character varying, "created_at" timestamp(6) NOT NULL, "updated_at" timestamp(6) NOT NULL)[0m
  [1m[36mActiveRecord::SchemaMigration Create (49.6ms)[0m  [1m[32mINSERT INTO "schema_migrations" ("version") VALUES ($1) RETURNING "version"[0m  [["version", "20230609125410"]]
  [1m[36mTRANSACTION (5.8ms)[0m  [1m[35mCOMMIT[0m
  [1m[36mActiveRecord::InternalMetadata Load (0.6ms)[0m  [1m[34mSELECT "ar_internal_metadata".* FROM "ar_internal_metadata" WHERE "ar_internal_metadata"."key" = $1 LIMIT $2[0m  [["key", "environment"], ["LIMIT", 1]]
  [1m[36mTRANSACTION (0.2ms)[0m  [1m[35mBEGIN[0m
  [1m[36mActiveRecord::InternalMetadata Create (3.1ms)[0m  [1m[32mINSERT INTO "ar_internal_metadata" ("key", "value", "created_at", "updated_at") VALUES ($1, $2, $3, $4) RETURNING "key"[0m  [["key", "environment"], ["value", "development"], ["created_at", "2023-06-09 12:54:46.596847"], ["updated_at", "2023-06-09 12:54:46.596847"]]
  [1m[36mTRANSACTION (1.5ms)[0m  [1m[35mCOMMIT[0m
  [1m[35m (0.3ms)[0m  [1m[34mSELECT pg_advisory_unlock(5277929974492897470)[0m
  [1m[36mActiveRecord::SchemaMigration Pluck (1.1ms)[0m  [1m[34mSELECT "schema_migrations"."version" FROM "schema_migrations" ORDER BY "schema_migrations"."version" ASC[0m
  [1m[36mActiveRecord::SchemaMigration Pluck (1.1ms)[0m  [1m[34mSELECT "schema_migrations"."version" FROM "schema_migrations" ORDER BY "schema_migrations"."version" ASC[0m
  [1m[36mTRANSACTION (0.2ms)[0m  [1m[35mBEGIN[0m
  [1m[36mPost Create (1.0ms)[0m  [1m[32mINSERT INTO "posts" ("title", "created_at", "updated_at") VALUES ($1, $2, $3) RETURNING "id"[0m  [["title", "Next.js + Ruby on Rails + Docker ã®ç’°å¢ƒæ§‹ç¯‰"], ["created_at", "2023-06-09 12:55:02.679091"], ["updated_at", "2023-06-09 12:55:02.679091"]]
  [1m[36mTRANSACTION (1.6ms)[0m  [1m[35mCOMMIT[0m
  [1m[36mTRANSACTION (0.1ms)[0m  [1m[35mBEGIN[0m
  [1m[36mPost Create (0.4ms)[0m  [1m[32mINSERT INTO "posts" ("title", "created_at", "updated_at") VALUES ($1, $2, $3) RETURNING "id"[0m  [["title", "React Hooks ã§ã‚«ã‚¹ã‚¿ãƒ ãƒ•ãƒƒã‚¯ã‚’ä½œã‚‹"], ["created_at", "2023-06-09 12:55:02.686469"], ["updated_at", "2023-06-09 12:55:02.686469"]]
  [1m[36mTRANSACTION (1.6ms)[0m  [1m[35mCOMMIT[0m
  [1m[36mTRANSACTION (0.1ms)[0m  [1m[35mBEGIN[0m
  [1m[36mPost Create (0.3ms)[0m  [1m[32mINSERT INTO "posts" ("title", "created_at", "updated_at") VALUES ($1, $2, $3) RETURNING "id"[0m  [["title", "GraphQL ã¨ Apollo Client å…¥é–€"], ["created_at", "2023-06-09 12:55:02.690635"], ["updated_at", "2023-06-09 12:55:02.690635"]]
  [1m[36mTRANSACTION (1.5ms)[0m  [1m[35mCOMMIT[0m
  [1m[36mTRANSACTION (0.2ms)[0m  [1m[35mBEGIN[0m
  [1m[36mPost Create (1.1ms)[0m  [1m[32mINSERT INTO "posts" ("title", "created_at", "updated_at") VALUES ($1, $2, $3) RETURNING "id"[0m  [["title", "ã€TypeScript4.3ã€‘Template Literal Types"], ["created_at", "2023-06-09 12:55:02.694688"], ["updated_at", "2023-06-09 12:55:02.694688"]]
  [1m[36mTRANSACTION (1.5ms)[0m  [1m[35mCOMMIT[0m
  [1m[36mTRANSACTION (0.2ms)[0m  [1m[35mBEGIN[0m
  [1m[36mPost Create (0.4ms)[0m  [1m[32mINSERT INTO "posts" ("title", "created_at", "updated_at") VALUES ($1, $2, $3) RETURNING "id"[0m  [["title", "Tailwind CSS ã§ãƒ€ãƒ¼ã‚¯ãƒ¢ãƒ¼ãƒ‰å®Ÿè£…"], ["created_at", "2023-06-09 12:55:02.699441"], ["updated_at", "2023-06-09 12:55:02.699441"]]
  [1m[36mTRANSACTION (1.6ms)[0m  [1m[35mCOMMIT[0m
Started GET "/" for 172.22.0.1 at 2023-06-09 21:55:22 +0900
  [1m[36mActiveRecord::SchemaMigration Pluck (1.3ms)[0m  [1m[34mSELECT "schema_migrations"."version" FROM "schema_migrations" ORDER BY "schema_migrations"."version" ASC[0m
Processing by Rails::WelcomeController#index as HTML
  Rendering /usr/local/bundle/gems/railties-7.0.5/lib/rails/templates/rails/welcome/index.html.erb
  Rendered /usr/local/bundle/gems/railties-7.0.5/lib/rails/templates/rails/welcome/index.html.erb (Duration: 27.7ms | Allocations: 296)
Completed 200 OK in 91ms (Views: 59.3ms | ActiveRecord: 0.0ms | Allocations: 1022)


Started GET "/post" for 172.22.0.1 at 2023-06-09 21:55:28 +0900
  
ActionController::RoutingError (No route matches [GET] "/post"):
  
Started GET "/favicon.ico" for 172.22.0.1 at 2023-06-09 21:55:29 +0900
  
ActionController::RoutingError (No route matches [GET] "/favicon.ico"):
  
Started GET "/posts" for 172.22.0.1 at 2023-06-09 21:55:39 +0900
Processing by PostsController#index as HTML
  [1m[36mPost Load (0.7ms)[0m  [1m[34mSELECT "posts".* FROM "posts"[0m
  â†³ app/controllers/posts_controller.rb:8:in `index'
Completed 200 OK in 109ms (Views: 88.1ms | ActiveRecord: 4.5ms | Allocations: 6198)


Started GET "/null" for 172.22.0.1 at 2023-06-09 21:57:06 +0900
  
ActionController::RoutingError (No route matches [GET] "/null"):
  
Started GET "/" for 172.22.0.1 at 2023-06-09 21:57:07 +0900
Processing by Rails::WelcomeController#index as HTML
  Rendering /usr/local/bundle/gems/railties-7.0.5/lib/rails/templates/rails/welcome/index.html.erb
  Rendered /usr/local/bundle/gems/railties-7.0.5/lib/rails/templates/rails/welcome/index.html.erb (Duration: 1.1ms | Allocations: 19)
Completed 200 OK in 2ms (Views: 1.7ms | ActiveRecord: 0.0ms | Allocations: 215)


Started GET "/" for 172.22.0.1 at 2023-06-09 21:57:09 +0900
Processing by Rails::WelcomeController#index as HTML
  Rendering /usr/local/bundle/gems/railties-7.0.5/lib/rails/templates/rails/welcome/index.html.erb
  Rendered /usr/local/bundle/gems/railties-7.0.5/lib/rails/templates/rails/welcome/index.html.erb (Duration: 0.3ms | Allocations: 15)
Completed 200 OK in 1ms (Views: 0.6ms | ActiveRecord: 0.0ms | Allocations: 179)


[ActionDispatch::HostAuthorization::DefaultResponseApp] Blocked host: backend
[ActionDispatch::HostAuthorization::DefaultResponseApp] Blocked host: backend
Started GET "/post" for 172.22.0.1 at 2023-06-10 14:31:25 +0900
  
ActionController::RoutingError (No route matches [GET] "/post"):
  
Started GET "/posts" for 172.22.0.1 at 2023-06-10 14:32:02 +0900
Processing by PostsController#index as HTML
  [1m[36mPost Load (7.7ms)[0m  [1m[34mSELECT "posts".* FROM "posts"[0m
  â†³ app/controllers/posts_controller.rb:8:in `index'
Completed 200 OK in 162ms (Views: 160.8ms | ActiveRecord: 77.1ms | Allocations: 4186)


[ActionDispatch::HostAuthorization::DefaultResponseApp] Blocked host: backend
[ActionDispatch::HostAuthorization::DefaultResponseApp] Blocked host: backend
[ActionDispatch::HostAuthorization::DefaultResponseApp] Blocked host: backend
[ActionDispatch::HostAuthorization::DefaultResponseApp] Blocked host: backend
[ActionDispatch::HostAuthorization::DefaultResponseApp] Blocked host: backend
[ActionDispatch::HostAuthorization::DefaultResponseApp] Blocked host: backend
[ActionDispatch::HostAuthorization::DefaultResponseApp] Blocked host: backend
[ActionDispatch::HostAuthorization::DefaultResponseApp] Blocked host: backend
[ActionDispatch::HostAuthorization::DefaultResponseApp] Blocked host: backend
[ActionDispatch::HostAuthorization::DefaultResponseApp] Blocked host: backend
[ActionDispatch::HostAuthorization::DefaultResponseApp] Blocked host: backend
[ActionDispatch::HostAuthorization::DefaultResponseApp] Blocked host: backend
[ActionDispatch::HostAuthorization::DefaultResponseApp] Blocked host: backend
[ActionDispatch::HostAuthorization::DefaultResponseApp] Blocked host: backend
Started GET "/posts" for 172.22.0.1 at 2023-06-10 14:45:16 +0900
Processing by PostsController#index as HTML
  [1m[36mPost Load (2.5ms)[0m  [1m[34mSELECT "posts".* FROM "posts"[0m
  â†³ app/controllers/posts_controller.rb:8:in `index'
Completed 200 OK in 152ms (Views: 140.3ms | ActiveRecord: 20.7ms | Allocations: 3935)


[ActionDispatch::HostAuthorization::DefaultResponseApp] Blocked host: backend
[ActionDispatch::HostAuthorization::DefaultResponseApp] Blocked host: backend
[ActionDispatch::HostAuthorization::DefaultResponseApp] Blocked host: backend
[ActionDispatch::HostAuthorization::DefaultResponseApp] Blocked host: backend
[ActionDispatch::HostAuthorization::DefaultResponseApp] Blocked host: backend
[ActionDispatch::HostAuthorization::DefaultResponseApp] Blocked host: backend
[ActionDispatch::HostAuthorization::DefaultResponseApp] Blocked host: backend
[ActionDispatch::HostAuthorization::DefaultResponseApp] Blocked host: backend
[ActionDispatch::HostAuthorization::DefaultResponseApp] Blocked host: backend
[ActionDispatch::HostAuthorization::DefaultResponseApp] Blocked host: backend
[ActionDispatch::HostAuthorization::DefaultResponseApp] Blocked host: backend
[ActionDispatch::HostAuthorization::DefaultResponseApp] Blocked host: backend
[ActionDispatch::HostAuthorization::DefaultResponseApp] Blocked host: backend
[ActionDispatch::HostAuthorization::DefaultResponseApp] Blocked host: backend
[ActionDispatch::HostAuthorization::DefaultResponseApp] Blocked host: backend
[ActionDispatch::HostAuthorization::DefaultResponseApp] Blocked host: backend
[ActionDispatch::HostAuthorization::DefaultResponseApp] Blocked host: backend
[ActionDispatch::HostAuthorization::DefaultResponseApp] Blocked host: backend
[ActionDispatch::HostAuthorization::DefaultResponseApp] Blocked host: backend
[ActionDispatch::HostAuthorization::DefaultResponseApp] Blocked host: backend
[ActionDispatch::HostAuthorization::DefaultResponseApp] Blocked host: backend
Started GET "/posts" for 172.22.0.1 at 2023-06-10 14:52:17 +0900
Processing by PostsController#index as HTML
  [1m[36mPost Load (0.8ms)[0m  [1m[34mSELECT "posts".* FROM "posts"[0m
  â†³ app/controllers/posts_controller.rb:8:in `index'
Completed 200 OK in 63ms (Views: 61.4ms | ActiveRecord: 10.3ms | Allocations: 3935)


[ActionDispatch::HostAuthorization::DefaultResponseApp] Blocked host: backend
[ActionDispatch::HostAuthorization::DefaultResponseApp] Blocked host: backend
[ActionDispatch::HostAuthorization::DefaultResponseApp] Blocked host: backend
[ActionDispatch::HostAuthorization::DefaultResponseApp] Blocked host: backend
[ActionDispatch::HostAuthorization::DefaultResponseApp] Blocked host: backend
[ActionDispatch::HostAuthorization::DefaultResponseApp] Blocked host: backend
[ActionDispatch::HostAuthorization::DefaultResponseApp] Blocked host: backend
[ActionDispatch::HostAuthorization::DefaultResponseApp] Blocked host: backend
[ActionDispatch::HostAuthorization::DefaultResponseApp] Blocked host: backend
[ActionDispatch::HostAuthorization::DefaultResponseApp] Blocked host: backend
[ActionDispatch::HostAuthorization::DefaultResponseApp] Blocked host: backend
[ActionDispatch::HostAuthorization::DefaultResponseApp] Blocked host: backend
[ActionDispatch::HostAuthorization::DefaultResponseApp] Blocked host: backend
[ActionDispatch::HostAuthorization::DefaultResponseApp] Blocked host: backend
[ActionDispatch::HostAuthorization::DefaultResponseApp] Blocked host: backend
[ActionDispatch::HostAuthorization::DefaultResponseApp] Blocked host: backend
[ActionDispatch::HostAuthorization::DefaultResponseApp] Blocked host: backend
[ActionDispatch::HostAuthorization::DefaultResponseApp] Blocked host: backend
[ActionDispatch::HostAuthorization::DefaultResponseApp] Blocked host: backend
[ActionDispatch::HostAuthorization::DefaultResponseApp] Blocked host: backend
[ActionDispatch::HostAuthorization::DefaultResponseApp] Blocked host: backend
[ActionDispatch::HostAuthorization::DefaultResponseApp] Blocked host: backend
[ActionDispatch::HostAuthorization::DefaultResponseApp] Blocked host: backend
[ActionDispatch::HostAuthorization::DefaultResponseApp] Blocked host: backend
Started GET "/posts" for 172.22.0.5 at 2023-06-10 14:57:57 +0900
  [1m[36mActiveRecord::SchemaMigration Pluck (1.8ms)[0m  [1m[34mSELECT "schema_migrations"."version" FROM "schema_migrations" ORDER BY "schema_migrations"."version" ASC[0m
Processing by PostsController#index as */*
  [1m[36mPost Load (0.8ms)[0m  [1m[34mSELECT "posts".* FROM "posts"[0m
  â†³ app/controllers/posts_controller.rb:8:in `index'
Completed 200 OK in 24ms (Views: 7.9ms | ActiveRecord: 7.6ms | Allocations: 8267)


Started GET "/posts" for 172.22.0.1 at 2023-06-10 14:58:07 +0900
Processing by PostsController#index as HTML
  [1m[36mPost Load (0.3ms)[0m  [1m[34mSELECT "posts".* FROM "posts"[0m
  â†³ app/controllers/posts_controller.rb:8:in `index'
Completed 200 OK in 3ms (Views: 2.0ms | ActiveRecord: 0.3ms | Allocations: 1180)


Started GET "/posts" for 172.22.0.5 at 2023-06-10 14:58:12 +0900
Processing by PostsController#index as */*
  [1m[36mPost Load (0.2ms)[0m  [1m[34mSELECT "posts".* FROM "posts"[0m
  â†³ app/controllers/posts_controller.rb:8:in `index'
Completed 200 OK in 2ms (Views: 1.5ms | ActiveRecord: 0.2ms | Allocations: 1086)


Started GET "/posts" for 172.22.0.5 at 2023-06-10 15:05:28 +0900
Processing by PostsController#index as */*
  [1m[36mPost Load (1.3ms)[0m  [1m[34mSELECT "posts".* FROM "posts"[0m
  â†³ app/controllers/posts_controller.rb:8:in `index'
Completed 200 OK in 34ms (Views: 33.1ms | ActiveRecord: 11.9ms | Allocations: 4136)


Started GET "/posts" for 172.22.0.5 at 2023-06-10 15:06:14 +0900
Processing by PostsController#index as */*
  [1m[36mPost Load (0.3ms)[0m  [1m[34mSELECT "posts".* FROM "posts"[0m
  â†³ app/controllers/posts_controller.rb:8:in `index'
Completed 200 OK in 2ms (Views: 1.7ms | ActiveRecord: 0.3ms | Allocations: 1072)


Started GET "/posts" for 172.22.0.5 at 2023-06-10 15:06:20 +0900
Processing by PostsController#index as */*
  [1m[36mPost Load (0.2ms)[0m  [1m[34mSELECT "posts".* FROM "posts"[0m
  â†³ app/controllers/posts_controller.rb:8:in `index'
Completed 200 OK in 2ms (Views: 1.4ms | ActiveRecord: 0.2ms | Allocations: 1086)


Started GET "/posts" for 172.22.0.5 at 2023-06-10 15:06:45 +0900
Processing by PostsController#index as */*
  [1m[36mPost Load (0.5ms)[0m  [1m[34mSELECT "posts".* FROM "posts"[0m
  â†³ app/controllers/posts_controller.rb:8:in `index'
Completed 200 OK in 2ms (Views: 1.8ms | ActiveRecord: 0.5ms | Allocations: 1072)


Started GET "/posts" for 172.22.0.5 at 2023-06-10 15:08:35 +0900
Processing by PostsController#index as */*
  [1m[36mPost Load (0.4ms)[0m  [1m[34mSELECT "posts".* FROM "posts"[0m
  â†³ app/controllers/posts_controller.rb:8:in `index'
Completed 200 OK in 3ms (Views: 2.3ms | ActiveRecord: 0.4ms | Allocations: 1072)


Started GET "/posts" for 172.22.0.5 at 2023-06-10 15:08:41 +0900
Processing by PostsController#index as */*
  [1m[36mPost Load (0.2ms)[0m  [1m[34mSELECT "posts".* FROM "posts"[0m
  â†³ app/controllers/posts_controller.rb:8:in `index'
Completed 200 OK in 2ms (Views: 1.7ms | ActiveRecord: 0.2ms | Allocations: 1072)


Started GET "/posts" for 172.22.0.5 at 2023-06-10 15:12:01 +0900
Processing by PostsController#index as */*
  [1m[36mPost Load (0.4ms)[0m  [1m[34mSELECT "posts".* FROM "posts"[0m
  â†³ app/controllers/posts_controller.rb:8:in `index'
Completed 200 OK in 3ms (Views: 2.5ms | ActiveRecord: 0.4ms | Allocations: 1072)


Started GET "/" for 172.22.0.1 at 2023-07-05 13:48:41 +0900
  [1m[36mActiveRecord::SchemaMigration Pluck (2.8ms)[0m  [1m[34mSELECT "schema_migrations"."version" FROM "schema_migrations" ORDER BY "schema_migrations"."version" ASC[0m
Processing by Rails::WelcomeController#index as HTML
  Rendering /usr/local/bundle/gems/railties-7.0.5/lib/rails/templates/rails/welcome/index.html.erb
  Rendered /usr/local/bundle/gems/railties-7.0.5/lib/rails/templates/rails/welcome/index.html.erb (Duration: 1.7ms | Allocations: 528)
Completed 200 OK in 15ms (Views: 4.5ms | ActiveRecord: 0.0ms | Allocations: 4283)


Started GET "/posts" for 172.22.0.4 at 2023-07-05 13:48:49 +0900
Processing by PostsController#index as */*
  [1m[36mPost Load (2.1ms)[0m  [1m[34mSELECT "posts".* FROM "posts"[0m
  â†³ app/controllers/posts_controller.rb:8:in `index'
Completed 200 OK in 18ms (Views: 8.7ms | ActiveRecord: 7.1ms | Allocations: 6213)


  [1m[36mActiveRecord::SchemaMigration Pluck (1.3ms)[0m  [1m[34mSELECT "schema_migrations"."version" FROM "schema_migrations" ORDER BY "schema_migrations"."version" ASC[0m
  [1m[36mActiveRecord::SchemaMigration Pluck (1.2ms)[0m  [1m[34mSELECT "schema_migrations"."version" FROM "schema_migrations" ORDER BY "schema_migrations"."version" ASC[0m
  [1m[36mActiveRecord::SchemaMigration Pluck (0.3ms)[0m  [1m[34mSELECT "schema_migrations"."version" FROM "schema_migrations" ORDER BY "schema_migrations"."version" ASC[0m
  [1m[36mActiveRecord::SchemaMigration Pluck (0.2ms)[0m  [1m[34mSELECT "schema_migrations"."version" FROM "schema_migrations" ORDER BY "schema_migrations"."version" ASC[0m
  [1m[35m (2.0ms)[0m  [1m[34mSELECT pg_try_advisory_lock(5277929974492897470)[0m
  [1m[36mActiveRecord::SchemaMigration Pluck (0.3ms)[0m  [1m[34mSELECT "schema_migrations"."version" FROM "schema_migrations" ORDER BY "schema_migrations"."version" ASC[0m
Migrating to CreatePosts (20230609125410)
  [1m[36mTRANSACTION (1.6ms)[0m  [1m[35mBEGIN[0m
  [1m[35m (30.0ms)[0m  [1m[35mDROP TABLE "posts"[0m
  [1m[36mActiveRecord::SchemaMigration Delete All (2.4ms)[0m  [1m[31mDELETE FROM "schema_migrations" WHERE "schema_migrations"."version" = $1[0m  [["version", "20230609125410"]]
  [1m[36mTRANSACTION (9.0ms)[0m  [1m[35mCOMMIT[0m
  [1m[35m (0.3ms)[0m  [1m[34mSELECT pg_advisory_unlock(5277929974492897470)[0m
  [1m[36mActiveRecord::SchemaMigration Pluck (1.1ms)[0m  [1m[34mSELECT "schema_migrations"."version" FROM "schema_migrations" ORDER BY "schema_migrations"."version" ASC[0m
  [1m[36mActiveRecord::SchemaMigration Pluck (1.6ms)[0m  [1m[34mSELECT "schema_migrations"."version" FROM "schema_migrations" ORDER BY "schema_migrations"."version" ASC[0m
  [1m[35m (0.3ms)[0m  [1m[34mSELECT pg_try_advisory_lock(5277929974492897470)[0m
  [1m[36mActiveRecord::SchemaMigration Pluck (1.1ms)[0m  [1m[34mSELECT "schema_migrations"."version" FROM "schema_migrations" ORDER BY "schema_migrations"."version" ASC[0m
Migrating to CreatePosts (20230609125410)
  [1m[36mTRANSACTION (0.2ms)[0m  [1m[35mBEGIN[0m
  [1m[35m (36.7ms)[0m  [1m[35mCREATE TABLE "posts" ("id" bigserial primary key, "title" character varying, "created_at" timestamp(6) NOT NULL, "updated_at" timestamp(6) NOT NULL)[0m
  [1m[36mActiveRecord::SchemaMigration Create (2.1ms)[0m  [1m[32mINSERT INTO "schema_migrations" ("version") VALUES ($1) RETURNING "version"[0m  [["version", "20230609125410"]]
  [1m[36mTRANSACTION (2.4ms)[0m  [1m[35mCOMMIT[0m
Migrating to AddContentToPosts (20230705050557)
  [1m[36mTRANSACTION (0.2ms)[0m  [1m[35mBEGIN[0m
  [1m[35m (1.4ms)[0m  [1m[35mALTER TABLE "posts" ADD "content" text[0m
  [1m[36mActiveRecord::SchemaMigration Create (0.5ms)[0m  [1m[32mINSERT INTO "schema_migrations" ("version") VALUES ($1) RETURNING "version"[0m  [["version", "20230705050557"]]
  [1m[36mTRANSACTION (1.9ms)[0m  [1m[35mCOMMIT[0m
  [1m[36mActiveRecord::InternalMetadata Load (2.4ms)[0m  [1m[34mSELECT "ar_internal_metadata".* FROM "ar_internal_metadata" WHERE "ar_internal_metadata"."key" = $1 LIMIT $2[0m  [["key", "environment"], ["LIMIT", 1]]
  [1m[35m (0.4ms)[0m  [1m[34mSELECT pg_advisory_unlock(5277929974492897470)[0m
  [1m[36mActiveRecord::SchemaMigration Pluck (1.3ms)[0m  [1m[34mSELECT "schema_migrations"."version" FROM "schema_migrations" ORDER BY "schema_migrations"."version" ASC[0m
Started GET "/" for 127.0.0.1 at 2023-07-05 14:36:31 +0900
  [1m[36mActiveRecord::SchemaMigration Pluck (2.5ms)[0m  [1m[34mSELECT "schema_migrations"."version" FROM "schema_migrations" ORDER BY "schema_migrations"."version" ASC[0m
Processing by Rails::WelcomeController#index as */*
  Rendering /usr/local/bundle/gems/railties-7.0.5/lib/rails/templates/rails/welcome/index.html.erb
  Rendered /usr/local/bundle/gems/railties-7.0.5/lib/rails/templates/rails/welcome/index.html.erb (Duration: 6.4ms | Allocations: 296)
Completed 200 OK in 23ms (Views: 15.2ms | ActiveRecord: 0.0ms | Allocations: 1059)


Started GET "/" for 127.0.0.1 at 2023-07-05 14:48:30 +0900
Processing by Rails::WelcomeController#index as */*
  Rendering /usr/local/bundle/gems/railties-7.0.5/lib/rails/templates/rails/welcome/index.html.erb
  Rendered /usr/local/bundle/gems/railties-7.0.5/lib/rails/templates/rails/welcome/index.html.erb (Duration: 2.7ms | Allocations: 15)
Completed 200 OK in 8ms (Views: 5.8ms | Allocations: 206)


Started GET "/api/v1/posts" for 127.0.0.1 at 2023-07-05 14:51:18 +0900
  
ActionController::RoutingError (No route matches [GET] "/api/v1/posts"):
  
Started GET "/api/v1/posts" for 127.0.0.1 at 2023-07-05 14:53:33 +0900
Processing by Api::V1::PostsController#index as */*
  Parameters: {"title"=>"åˆã‚ã¦ã®æŠ•ç¨¿", "content"=>"åˆã‚ã¦ã®æŠ•ç¨¿ã§ã™", "post"=>{"title"=>"åˆã‚ã¦ã®æŠ•ç¨¿"}}
  [1m[36mPost Load (5.3ms)[0m  [1m[34mSELECT "posts".* FROM "posts"[0m
  â†³ app/controllers/api/v1/posts_controller.rb:4:in `index'
Completed 200 OK in 23ms (Views: 10.7ms | ActiveRecord: 19.1ms | Allocations: 1027)


Started POST "/api/v1/posts" for 127.0.0.1 at 2023-07-05 14:57:37 +0900
Processing by Api::V1::PostsController#create as */*
  Parameters: {"title"=>"åˆã‚ã¦ã®æŠ•ç¨¿", "content"=>"åˆã‚ã¦ã®æŠ•ç¨¿ã§ã™", "post"=>{"title"=>"åˆã‚ã¦ã®æŠ•ç¨¿", "content"=>"åˆã‚ã¦ã®æŠ•ç¨¿ã§ã™"}}
  [1m[36mTRANSACTION (1.2ms)[0m  [1m[35mBEGIN[0m
  â†³ app/controllers/api/v1/posts_controller.rb:14:in `create'
  [1m[36mPost Create (13.2ms)[0m  [1m[32mINSERT INTO "posts" ("title", "created_at", "updated_at", "content") VALUES ($1, $2, $3, $4) RETURNING "id"[0m  [["title", "åˆã‚ã¦ã®æŠ•ç¨¿"], ["created_at", "2023-07-05 05:57:37.568246"], ["updated_at", "2023-07-05 05:57:37.568246"], ["content", "åˆã‚ã¦ã®æŠ•ç¨¿ã§ã™"]]
  â†³ app/controllers/api/v1/posts_controller.rb:14:in `create'
  [1m[36mTRANSACTION (4.1ms)[0m  [1m[35mCOMMIT[0m
  â†³ app/controllers/api/v1/posts_controller.rb:14:in `create'
Completed 201 Created in 159ms (Views: 0.6ms | ActiveRecord: 69.2ms | Allocations: 4805)


Started PUT "/api/v1/posts/1" for 127.0.0.1 at 2023-07-05 15:17:34 +0900
Processing by Api::V1::PostsController#update as */*
  Parameters: {"title"=>"åˆã‚ã¦ã®æŠ•ç¨¿,ä¿®æ­£", "content"=>"åˆã‚ã¦ã®æŠ•ç¨¿ã§ã™", "id"=>"1", "post"=>{"title"=>"åˆã‚ã¦ã®æŠ•ç¨¿,ä¿®æ­£", "content"=>"åˆã‚ã¦ã®æŠ•ç¨¿ã§ã™"}}
  [1m[36mPost Load (2.8ms)[0m  [1m[34mSELECT "posts".* FROM "posts" WHERE "posts"."id" = $1 LIMIT $2[0m  [["id", 1], ["LIMIT", 1]]
  â†³ app/controllers/api/v1/posts_controller.rb:22:in `update'
  [1m[36mTRANSACTION (0.3ms)[0m  [1m[35mBEGIN[0m
  â†³ app/controllers/api/v1/posts_controller.rb:23:in `update'
  [1m[36mPost Update (5.2ms)[0m  [1m[33mUPDATE "posts" SET "title" = $1, "updated_at" = $2 WHERE "posts"."id" = $3[0m  [["title", "åˆã‚ã¦ã®æŠ•ç¨¿,ä¿®æ­£"], ["updated_at", "2023-07-05 06:17:35.552654"], ["id", 1]]
  â†³ app/controllers/api/v1/posts_controller.rb:23:in `update'
  [1m[36mTRANSACTION (1.8ms)[0m  [1m[35mCOMMIT[0m
  â†³ app/controllers/api/v1/posts_controller.rb:23:in `update'
Completed 200 OK in 70ms (Views: 0.8ms | ActiveRecord: 34.7ms | Allocations: 4901)


Started DELETE "/api/v1/posts/1" for 127.0.0.1 at 2023-07-05 15:17:49 +0900
Processing by Api::V1::PostsController#destroy as */*
  Parameters: {"title"=>"åˆã‚ã¦ã®æŠ•ç¨¿,ä¿®æ­£", "content"=>"åˆã‚ã¦ã®æŠ•ç¨¿ã§ã™", "id"=>"1", "post"=>{"title"=>"åˆã‚ã¦ã®æŠ•ç¨¿,ä¿®æ­£", "content"=>"åˆã‚ã¦ã®æŠ•ç¨¿ã§ã™"}}
  [1m[36mPost Load (0.9ms)[0m  [1m[34mSELECT "posts".* FROM "posts" WHERE "posts"."id" = $1 LIMIT $2[0m  [["id", 1], ["LIMIT", 1]]
  â†³ app/controllers/api/v1/posts_controller.rb:31:in `destroy'
  [1m[36mTRANSACTION (0.6ms)[0m  [1m[35mBEGIN[0m
  â†³ app/controllers/api/v1/posts_controller.rb:32:in `destroy'
  [1m[36mPost Destroy (0.7ms)[0m  [1m[31mDELETE FROM "posts" WHERE "posts"."id" = $1[0m  [["id", 1]]
  â†³ app/controllers/api/v1/posts_controller.rb:32:in `destroy'
  [1m[36mTRANSACTION (2.0ms)[0m  [1m[35mCOMMIT[0m
  â†³ app/controllers/api/v1/posts_controller.rb:32:in `destroy'
Completed 204 No Content in 27ms (ActiveRecord: 4.1ms | Allocations: 1995)


Started POST "/api/v1/posts" for 127.0.0.1 at 2023-07-05 15:18:01 +0900
Processing by Api::V1::PostsController#create as */*
  Parameters: {"title"=>"åˆã‚ã¦ã®æŠ•ç¨¿", "content"=>"åˆã‚ã¦ã®æŠ•ç¨¿ã§ã™", "post"=>{"title"=>"åˆã‚ã¦ã®æŠ•ç¨¿", "content"=>"åˆã‚ã¦ã®æŠ•ç¨¿ã§ã™"}}
  [1m[36mTRANSACTION (0.2ms)[0m  [1m[35mBEGIN[0m
  â†³ app/controllers/api/v1/posts_controller.rb:14:in `create'
  [1m[36mPost Create (2.9ms)[0m  [1m[32mINSERT INTO "posts" ("title", "created_at", "updated_at", "content") VALUES ($1, $2, $3, $4) RETURNING "id"[0m  [["title", "åˆã‚ã¦ã®æŠ•ç¨¿"], ["created_at", "2023-07-05 06:18:01.756230"], ["updated_at", "2023-07-05 06:18:01.756230"], ["content", "åˆã‚ã¦ã®æŠ•ç¨¿ã§ã™"]]
  â†³ app/controllers/api/v1/posts_controller.rb:14:in `create'
  [1m[36mTRANSACTION (1.5ms)[0m  [1m[35mCOMMIT[0m
  â†³ app/controllers/api/v1/posts_controller.rb:14:in `create'
Completed 201 Created in 21ms (Views: 0.7ms | ActiveRecord: 4.6ms | Allocations: 1951)


